<?xml version="1.0" encoding="UTF-8"?>
<testng-results ignored="0" total="1" passed="1" failed="0" skipped="0">
  <reporter-output>
  </reporter-output>
  <suite started-at="2022-10-03T21:38:35 IST" name="Default suite" finished-at="2022-10-03T21:38:45 IST" duration-ms="10539">
    <groups>
    </groups>
    <test started-at="2022-10-03T21:38:35 IST" name="Default test" finished-at="2022-10-03T21:38:45 IST" duration-ms="10539">
      <class name="com.qa.testbase.TestBase">
        <test-method signature="setUp()[pri:0, instance:com.qa.testbase.TestBase@50eac852]" started-at="2022-10-03T21:38:35 IST" name="setUp" finished-at="2022-10-03T21:38:45 IST" duration-ms="10477" status="PASS">
          <reporter-output>
          </reporter-output>
        </test-method> <!-- setUp -->
      </class> <!-- com.qa.testbase.TestBase -->
    </test> <!-- Default test -->
  </suite> <!-- Default suite -->
</testng-results>
